2017-04-30 20:48:31,183 [Worker-5] INFO  c.g.t.t.d.PublishedGradleVersions - Gradle version information cache is out-of-date. Trying to update.
2017-04-30 20:50:50,048 [ModalContext] INFO  o.e.m.c.i.e.AbstractTransferListenerAdapter - Downloading https://repo.maven.apache.org/maven2/org/apache/maven/archetypes/maven-archetype-quickstart/1.1/maven-archetype-quickstart-1.1.jar
2017-04-30 20:50:50,288 [ModalContext] INFO  o.e.m.c.i.e.AbstractTransferListenerAdapter - Downloaded https://repo.maven.apache.org/maven2/org/apache/maven/archetypes/maven-archetype-quickstart/1.1/maven-archetype-quickstart-1.1.jar
2017-04-30 20:50:50,594 [ModalContext] INFO  o.e.m.c.i.e.AbstractTransferListenerAdapter - Downloading https://repo.maven.apache.org/maven2/org/apache/maven/archetypes/maven-archetype-quickstart/1.1/maven-archetype-quickstart-1.1.pom
2017-04-30 20:50:50,790 [ModalContext] INFO  o.e.m.c.i.e.AbstractTransferListenerAdapter - Downloaded https://repo.maven.apache.org/maven2/org/apache/maven/archetypes/maven-archetype-quickstart/1.1/maven-archetype-quickstart-1.1.pom
2017-04-30 20:52:46,393 [ModalContext] INFO  o.e.m.c.i.e.AbstractTransferListenerAdapter - Downloading https://repo.maven.apache.org/maven2/org/apache/maven/archetypes/maven-archetype-plugin/1.2/maven-archetype-plugin-1.2.jar
2017-04-30 20:52:46,559 [ModalContext] INFO  o.e.m.c.i.e.AbstractTransferListenerAdapter - Downloaded https://repo.maven.apache.org/maven2/org/apache/maven/archetypes/maven-archetype-plugin/1.2/maven-archetype-plugin-1.2.jar
2017-04-30 20:52:46,714 [ModalContext] INFO  o.e.m.c.i.e.AbstractTransferListenerAdapter - Downloading https://repo.maven.apache.org/maven2/org/apache/maven/archetypes/maven-archetype-plugin/1.2/maven-archetype-plugin-1.2.pom
2017-04-30 20:52:46,867 [ModalContext] INFO  o.e.m.c.i.e.AbstractTransferListenerAdapter - Downloaded https://repo.maven.apache.org/maven2/org/apache/maven/archetypes/maven-archetype-plugin/1.2/maven-archetype-plugin-1.2.pom
2017-04-30 20:52:54,354 [Worker-11] INFO  o.e.m.c.i.p.ProjectConfigurationManager - Collecting project info '/pom.xml' /home/likemilk/workspace/hadoop-study/week06/wordcount2/asdasdasd/pom.xml
2017-04-30 20:52:56,202 [Worker-11] INFO  o.e.m.c.i.e.AbstractTransferListenerAdapter - Downloading https://repo.maven.apache.org/maven2/org/apache/maven/plugins/maven-plugin-plugin/3.2/maven-plugin-plugin-3.2.pom
2017-04-30 20:52:56,353 [Worker-11] INFO  o.e.m.c.i.e.AbstractTransferListenerAdapter - Downloaded https://repo.maven.apache.org/maven2/org/apache/maven/plugins/maven-plugin-plugin/3.2/maven-plugin-plugin-3.2.pom
2017-04-30 20:52:57,862 [Worker-11] INFO  o.e.m.c.i.e.AbstractTransferListenerAdapter - Downloading https://repo.maven.apache.org/maven2/org/apache/maven/plugin-tools/maven-plugin-tools/3.2/maven-plugin-tools-3.2.pom
2017-04-30 20:52:58,023 [Worker-11] INFO  o.e.m.c.i.e.AbstractTransferListenerAdapter - Downloaded https://repo.maven.apache.org/maven2/org/apache/maven/plugin-tools/maven-plugin-tools/3.2/maven-plugin-tools-3.2.pom
2017-04-30 20:52:58,265 [Worker-11] INFO  o.e.m.c.i.e.AbstractTransferListenerAdapter - Downloading https://repo.maven.apache.org/maven2/org/apache/maven/plugins/maven-plugin-plugin/3.2/maven-plugin-plugin-3.2.jar
2017-04-30 20:52:58,740 [Worker-11] INFO  o.e.m.c.i.e.AbstractTransferListenerAdapter - Downloaded https://repo.maven.apache.org/maven2/org/apache/maven/plugins/maven-plugin-plugin/3.2/maven-plugin-plugin-3.2.jar
2017-04-30 20:53:00,639 [Worker-11] INFO  o.e.m.c.i.l.LifecycleMappingFactory - Using DEFAULT lifecycle mapping for MavenProject: dasadasd:asdasdasd:0.0.1-SNAPSHOT @ /home/likemilk/workspace/hadoop-study/week06/wordcount2/asdasdasd/pom.xml.
2017-04-30 20:53:01,851 [Worker-11] INFO  o.e.m.c.i.e.AbstractTransferListenerAdapter - Downloading https://repo.maven.apache.org/maven2/org/apache/maven/maven-plugin-api/2.0/maven-plugin-api-2.0.pom
2017-04-30 20:53:02,160 [Worker-11] INFO  o.e.m.c.i.e.AbstractTransferListenerAdapter - Downloaded https://repo.maven.apache.org/maven2/org/apache/maven/maven-plugin-api/2.0/maven-plugin-api-2.0.pom
2017-04-30 20:53:02,520 [Worker-11] INFO  o.e.m.c.i.e.AbstractTransferListenerAdapter - Downloading https://repo.maven.apache.org/maven2/org/apache/maven/maven/2.0/maven-2.0.pom
2017-04-30 20:53:02,949 [Worker-11] INFO  o.e.m.c.i.e.AbstractTransferListenerAdapter - Downloaded https://repo.maven.apache.org/maven2/org/apache/maven/maven/2.0/maven-2.0.pom
2017-04-30 20:53:03,117 [Worker-11] INFO  o.e.m.c.i.e.AbstractTransferListenerAdapter - Downloading https://repo.maven.apache.org/maven2/org/apache/maven/plugin-tools/maven-plugin-annotations/3.2/maven-plugin-annotations-3.2.pom
2017-04-30 20:53:03,391 [Worker-11] INFO  o.e.m.c.i.e.AbstractTransferListenerAdapter - Downloaded https://repo.maven.apache.org/maven2/org/apache/maven/plugin-tools/maven-plugin-annotations/3.2/maven-plugin-annotations-3.2.pom
2017-04-30 20:53:03,694 [Worker-11] INFO  o.e.m.c.i.e.AbstractTransferListenerAdapter - Downloading https://repo.maven.apache.org/maven2/junit/junit/4.8.2/junit-4.8.2.pom
2017-04-30 20:53:03,845 [Worker-11] INFO  o.e.m.c.i.e.AbstractTransferListenerAdapter - Downloaded https://repo.maven.apache.org/maven2/junit/junit/4.8.2/junit-4.8.2.pom
2017-04-30 20:53:04,005 [Worker-11] INFO  o.e.m.c.i.e.AbstractTransferListenerAdapter - Downloading https://repo.maven.apache.org/maven2/org/apache/maven/maven-plugin-api/2.0/maven-plugin-api-2.0.jar
2017-04-30 20:53:04,176 [Worker-11] INFO  o.e.m.c.i.e.AbstractTransferListenerAdapter - Downloaded https://repo.maven.apache.org/maven2/org/apache/maven/maven-plugin-api/2.0/maven-plugin-api-2.0.jar
2017-04-30 20:53:04,326 [Worker-11] INFO  o.e.m.c.i.e.AbstractTransferListenerAdapter - Downloading https://repo.maven.apache.org/maven2/org/apache/maven/plugin-tools/maven-plugin-annotations/3.2/maven-plugin-annotations-3.2.jar
2017-04-30 20:53:04,523 [Worker-11] INFO  o.e.m.c.i.e.AbstractTransferListenerAdapter - Downloaded https://repo.maven.apache.org/maven2/org/apache/maven/plugin-tools/maven-plugin-annotations/3.2/maven-plugin-annotations-3.2.jar
2017-04-30 20:53:04,670 [Worker-11] INFO  o.e.m.c.i.e.AbstractTransferListenerAdapter - Downloading https://repo.maven.apache.org/maven2/junit/junit/4.8.2/junit-4.8.2.jar
2017-04-30 20:53:06,407 [Worker-11] INFO  o.e.m.c.i.e.AbstractTransferListenerAdapter - Downloaded https://repo.maven.apache.org/maven2/junit/junit/4.8.2/junit-4.8.2.jar
2017-04-30 20:53:06,975 [Worker-11] INFO  o.e.m.j.i.AbstractJavaProjectConfigurator - Adding source folder /asdasdasd/src/main/java
2017-04-30 20:53:06,977 [Worker-11] INFO  o.e.m.j.i.AbstractJavaProjectConfigurator - Adding source folder /asdasdasd/src/test/java
2017-04-30 20:53:08,783 [Worker-11] INFO  o.e.m.c.i.p.ProjectConfigurationManager - Imported and configured 1 project(s) in 14 sec
2017-04-30 20:53:13,327 [Worker-2] INFO  o.e.m.i.discovery.MavenDiscovery - No lifecyle mapping found at jar:file:/tmp/RemoteBundleDiscoveryStrategy3575170697599469715.tmp/org.eclipse.m2e.discovery.oss_catalog_1.6.jar_5282972813574314961.jar!/lifecycle%2Forg.eclipse.m2e.discovery.lifecyclemapping.m2e-egit.xml
2017-04-30 20:53:13,328 [Worker-2] WARN  o.e.m.i.discovery.MavenDiscovery - CatalogItem org.eclipse.m2e.discovery.lifecyclemapping.m2e-egit does not contain lifecycle mapping metadata
2017-04-30 20:53:13,341 [Worker-2] INFO  o.e.m.i.discovery.MavenDiscovery - No lifecyle mapping found at jar:file:/tmp/RemoteBundleDiscoveryStrategy3575170697599469715.tmp/org.eclipse.m2e.discovery.oss_catalog_1.6.jar_5282972813574314961.jar!/lifecycle%2Forg.eclipse.m2e.discovery.lifecyclemapping.m2e-subversive.xml
2017-04-30 20:53:13,342 [Worker-2] WARN  o.e.m.i.discovery.MavenDiscovery - CatalogItem org.eclipse.m2e.discovery.lifecyclemapping.m2e-subversive does not contain lifecycle mapping metadata
2017-04-30 20:53:14,538 [Worker-4] INFO  o.e.m.c.i.embedder.EclipseLogger - Using 'UTF-8' encoding to copy filtered resources.
2017-04-30 20:53:14,538 [Worker-4] INFO  o.e.m.c.i.embedder.EclipseLogger - skip non existing resourceDirectory /home/likemilk/workspace/hadoop-study/week06/wordcount2/asdasdasd/src/main/resources
2017-04-30 20:53:14,564 [Worker-4] INFO  o.e.m.c.i.embedder.EclipseLogger - Using 'UTF-8' encoding to copy filtered resources.
2017-04-30 20:53:14,564 [Worker-4] INFO  o.e.m.c.i.embedder.EclipseLogger - skip non existing resourceDirectory /home/likemilk/workspace/hadoop-study/week06/wordcount2/asdasdasd/src/test/resources
2017-05-05 23:38:42,766 [Worker-1] INFO  c.g.t.t.d.PublishedGradleVersions - Gradle version information cache is out-of-date. Trying to update.
2017-05-05 23:38:46,952 [Worker-0] INFO  o.e.m.c.i.l.LifecycleMappingFactory - Using DEFAULT lifecycle mapping for MavenProject: dasadasd:asdasdasd:0.0.1-SNAPSHOT @ /home/likemilk/workspace/hadoop-study/week06/wordcount2/asdasdasd/pom.xml.
2017-05-05 23:38:51,109 [Worker-6] INFO  o.e.m.c.i.embedder.EclipseLogger - Using 'UTF-8' encoding to copy filtered resources.
2017-05-05 23:38:51,119 [Worker-6] INFO  o.e.m.c.i.embedder.EclipseLogger - skip non existing resourceDirectory /home/likemilk/workspace/hadoop-study/week06/wordcount2/asdasdasd/src/main/resources
2017-05-05 23:38:51,125 [Worker-6] INFO  o.e.m.c.i.embedder.EclipseLogger - Using 'UTF-8' encoding to copy filtered resources.
2017-05-05 23:38:51,125 [Worker-6] INFO  o.e.m.c.i.embedder.EclipseLogger - skip non existing resourceDirectory /home/likemilk/workspace/hadoop-study/week06/wordcount2/asdasdasd/src/test/resources
2017-05-05 23:39:44,179 [Worker-2] INFO  o.e.m.c.i.l.LifecycleMappingFactory - Using org.eclipse.m2e.jdt.JarLifecycleMapping lifecycle mapping for MavenProject: wordcount2:wordcount2:0.0.1-SNAPSHOT @ /home/likemilk/workspace/hadoop-study/week06/wordcount2/wordcount2/pom.xml.
2017-05-05 23:39:44,453 [Worker-2] INFO  o.e.m.j.i.AbstractJavaProjectConfigurator - Adding source folder /wordcount2/src/main/java
2017-05-05 23:39:44,453 [Worker-2] INFO  o.e.m.j.i.AbstractJavaProjectConfigurator - Adding resource folder /wordcount2/src/main/resources
2017-05-05 23:39:44,454 [Worker-2] INFO  o.e.m.j.i.AbstractJavaProjectConfigurator - Adding source folder /wordcount2/src/test/java
2017-05-05 23:39:44,455 [Worker-2] INFO  o.e.m.j.i.AbstractJavaProjectConfigurator - Adding resource folder /wordcount2/src/test/resources
2017-05-05 23:39:44,941 [Worker-6] WARN  o.e.m.c.i.embedder.EclipseLogger - Using platform encoding (UTF-8 actually) to copy filtered resources, i.e. build is platform dependent!
2017-05-05 23:39:44,987 [Worker-6] INFO  o.e.m.c.i.embedder.EclipseLogger - Copying 0 resource
2017-05-05 23:39:44,989 [Worker-6] WARN  o.e.m.c.i.embedder.EclipseLogger - Using platform encoding (UTF-8 actually) to copy filtered resources, i.e. build is platform dependent!
2017-05-05 23:39:44,992 [Worker-6] INFO  o.e.m.c.i.embedder.EclipseLogger - Copying 0 resource
2017-05-05 23:50:52,737 [Worker-14] INFO  o.e.m.c.i.l.LifecycleMappingFactory - Using org.eclipse.m2e.jdt.JarLifecycleMapping lifecycle mapping for MavenProject: wordcount2:wordcount2:0.0.1-SNAPSHOT @ /home/likemilk/workspace/hadoop-study/week06/wordcount2/wordcount2/pom.xml.
2017-05-05 23:50:53,279 [Worker-14] INFO  o.e.m.c.i.embedder.EclipseLogger - Using 'UTF-8' encoding to copy filtered resources.
2017-05-05 23:50:53,283 [Worker-14] INFO  o.e.m.c.i.embedder.EclipseLogger - Copying 0 resource
2017-05-05 23:50:53,291 [Worker-14] INFO  o.e.m.c.i.embedder.EclipseLogger - Using 'UTF-8' encoding to copy filtered resources.
2017-05-05 23:50:53,291 [Worker-14] INFO  o.e.m.c.i.embedder.EclipseLogger - Copying 0 resource
2017-05-05 23:51:18,977 [Worker-15] INFO  o.e.m.c.i.embedder.EclipseLogger - Using 'UTF-8' encoding to copy filtered resources.
2017-05-05 23:51:18,977 [Worker-15] INFO  o.e.m.c.i.embedder.EclipseLogger - Copying 0 resource
2017-05-05 23:51:18,991 [Worker-15] INFO  o.e.m.c.i.embedder.EclipseLogger - Using 'UTF-8' encoding to copy filtered resources.
2017-05-05 23:51:18,993 [Worker-15] INFO  o.e.m.c.i.embedder.EclipseLogger - Copying 0 resource
2017-05-05 23:51:20,480 [Worker-5] INFO  o.e.m.c.i.embedder.EclipseLogger - Using 'UTF-8' encoding to copy filtered resources.
2017-05-05 23:51:20,480 [Worker-5] INFO  o.e.m.c.i.embedder.EclipseLogger - Copying 0 resource
2017-05-05 23:51:20,482 [Worker-5] INFO  o.e.m.c.i.embedder.EclipseLogger - Using 'UTF-8' encoding to copy filtered resources.
2017-05-05 23:51:20,482 [Worker-5] INFO  o.e.m.c.i.embedder.EclipseLogger - Copying 0 resource
2017-05-05 23:51:51,632 [Worker-5] INFO  o.e.m.c.i.embedder.EclipseLogger - Using 'UTF-8' encoding to copy filtered resources.
2017-05-05 23:51:51,639 [Worker-5] INFO  o.e.m.c.i.embedder.EclipseLogger - Copying 0 resource
2017-05-05 23:51:51,641 [Worker-5] INFO  o.e.m.c.i.embedder.EclipseLogger - Using 'UTF-8' encoding to copy filtered resources.
2017-05-05 23:51:51,646 [Worker-5] INFO  o.e.m.c.i.embedder.EclipseLogger - Copying 0 resource
2017-05-05 23:55:13,182 [Worker-5] INFO  o.e.m.c.i.embedder.EclipseLogger - Using 'UTF-8' encoding to copy filtered resources.
2017-05-05 23:55:13,183 [Worker-5] INFO  o.e.m.c.i.embedder.EclipseLogger - Copying 0 resource
2017-05-05 23:55:13,184 [Worker-5] INFO  o.e.m.c.i.embedder.EclipseLogger - Using 'UTF-8' encoding to copy filtered resources.
2017-05-05 23:55:13,184 [Worker-5] INFO  o.e.m.c.i.embedder.EclipseLogger - Copying 0 resource
2017-05-06 00:36:18,795 [Worker-15] INFO  o.e.m.c.i.embedder.EclipseLogger - Using 'UTF-8' encoding to copy filtered resources.
2017-05-06 00:36:18,800 [Worker-15] INFO  o.e.m.c.i.embedder.EclipseLogger - Copying 0 resource
2017-05-06 00:36:18,803 [Worker-15] INFO  o.e.m.c.i.embedder.EclipseLogger - Using 'UTF-8' encoding to copy filtered resources.
2017-05-06 00:36:18,803 [Worker-15] INFO  o.e.m.c.i.embedder.EclipseLogger - Copying 0 resource
2017-05-06 00:36:23,791 [Worker-20] INFO  o.e.m.c.i.embedder.EclipseLogger - Using 'UTF-8' encoding to copy filtered resources.
2017-05-06 00:36:23,791 [Worker-20] INFO  o.e.m.c.i.embedder.EclipseLogger - Copying 0 resource
2017-05-06 00:36:23,792 [Worker-20] INFO  o.e.m.c.i.embedder.EclipseLogger - Using 'UTF-8' encoding to copy filtered resources.
2017-05-06 00:36:23,793 [Worker-20] INFO  o.e.m.c.i.embedder.EclipseLogger - Copying 0 resource
2017-05-06 00:40:46,149 [Worker-5] INFO  o.e.m.c.i.embedder.EclipseLogger - Using 'UTF-8' encoding to copy filtered resources.
2017-05-06 00:40:46,150 [Worker-5] INFO  o.e.m.c.i.embedder.EclipseLogger - Copying 0 resource
2017-05-06 00:40:46,153 [Worker-5] INFO  o.e.m.c.i.embedder.EclipseLogger - Using 'UTF-8' encoding to copy filtered resources.
2017-05-06 00:40:46,153 [Worker-5] INFO  o.e.m.c.i.embedder.EclipseLogger - Copying 0 resource
2017-05-06 00:42:07,852 [Worker-20] INFO  o.e.m.c.i.embedder.EclipseLogger - Using 'UTF-8' encoding to copy filtered resources.
2017-05-06 00:42:07,852 [Worker-20] INFO  o.e.m.c.i.embedder.EclipseLogger - Copying 0 resource
2017-05-06 00:42:07,853 [Worker-20] INFO  o.e.m.c.i.embedder.EclipseLogger - Using 'UTF-8' encoding to copy filtered resources.
2017-05-06 00:42:07,854 [Worker-20] INFO  o.e.m.c.i.embedder.EclipseLogger - Copying 0 resource
2017-05-06 00:43:36,851 [Worker-21] INFO  o.e.m.c.i.embedder.EclipseLogger - Using 'UTF-8' encoding to copy filtered resources.
2017-05-06 00:43:36,852 [Worker-21] INFO  o.e.m.c.i.embedder.EclipseLogger - Copying 0 resource
2017-05-06 00:43:36,852 [Worker-21] INFO  o.e.m.c.i.embedder.EclipseLogger - Using 'UTF-8' encoding to copy filtered resources.
2017-05-06 00:43:36,857 [Worker-21] INFO  o.e.m.c.i.embedder.EclipseLogger - Copying 0 resource
2017-05-06 00:45:19,800 [Worker-15] INFO  o.e.m.c.i.embedder.EclipseLogger - Using 'UTF-8' encoding to copy filtered resources.
2017-05-06 00:45:19,800 [Worker-15] INFO  o.e.m.c.i.embedder.EclipseLogger - Copying 0 resource
2017-05-06 00:45:19,808 [Worker-15] INFO  o.e.m.c.i.embedder.EclipseLogger - Using 'UTF-8' encoding to copy filtered resources.
2017-05-06 00:45:19,808 [Worker-15] INFO  o.e.m.c.i.embedder.EclipseLogger - Copying 0 resource
2017-05-06 00:45:23,901 [Worker-15] INFO  o.e.m.c.i.embedder.EclipseLogger - Using 'UTF-8' encoding to copy filtered resources.
2017-05-06 00:45:23,902 [Worker-15] INFO  o.e.m.c.i.embedder.EclipseLogger - Copying 0 resource
2017-05-06 00:45:23,903 [Worker-15] INFO  o.e.m.c.i.embedder.EclipseLogger - Using 'UTF-8' encoding to copy filtered resources.
2017-05-06 00:45:23,910 [Worker-15] INFO  o.e.m.c.i.embedder.EclipseLogger - Copying 0 resource
2017-05-06 00:45:37,980 [Worker-21] INFO  o.e.m.c.i.embedder.EclipseLogger - Using 'UTF-8' encoding to copy filtered resources.
2017-05-06 00:45:37,980 [Worker-21] INFO  o.e.m.c.i.embedder.EclipseLogger - Copying 0 resource
2017-05-06 00:45:37,983 [Worker-21] INFO  o.e.m.c.i.embedder.EclipseLogger - Using 'UTF-8' encoding to copy filtered resources.
2017-05-06 00:45:37,983 [Worker-21] INFO  o.e.m.c.i.embedder.EclipseLogger - Copying 0 resource
2017-05-06 00:46:39,834 [Worker-5] INFO  o.e.m.c.i.embedder.EclipseLogger - Using 'UTF-8' encoding to copy filtered resources.
2017-05-06 00:46:39,835 [Worker-5] INFO  o.e.m.c.i.embedder.EclipseLogger - Copying 0 resource
2017-05-06 00:46:39,836 [Worker-5] INFO  o.e.m.c.i.embedder.EclipseLogger - Using 'UTF-8' encoding to copy filtered resources.
2017-05-06 00:46:39,836 [Worker-5] INFO  o.e.m.c.i.embedder.EclipseLogger - Copying 0 resource
2017-05-06 00:46:45,357 [Worker-20] INFO  o.e.m.c.i.embedder.EclipseLogger - Using 'UTF-8' encoding to copy filtered resources.
2017-05-06 00:46:45,360 [Worker-20] INFO  o.e.m.c.i.embedder.EclipseLogger - Copying 0 resource
2017-05-06 00:46:45,363 [Worker-20] INFO  o.e.m.c.i.embedder.EclipseLogger - Using 'UTF-8' encoding to copy filtered resources.
2017-05-06 00:46:45,364 [Worker-20] INFO  o.e.m.c.i.embedder.EclipseLogger - Copying 0 resource
2017-05-06 00:47:36,151 [Worker-23] INFO  o.e.m.c.i.embedder.EclipseLogger - Using 'UTF-8' encoding to copy filtered resources.
2017-05-06 00:47:36,152 [Worker-23] INFO  o.e.m.c.i.embedder.EclipseLogger - Copying 0 resource
2017-05-06 00:47:36,161 [Worker-23] INFO  o.e.m.c.i.embedder.EclipseLogger - Using 'UTF-8' encoding to copy filtered resources.
2017-05-06 00:47:36,165 [Worker-23] INFO  o.e.m.c.i.embedder.EclipseLogger - Copying 0 resource
2017-05-06 00:47:51,835 [Worker-5] INFO  o.e.m.c.i.embedder.EclipseLogger - Using 'UTF-8' encoding to copy filtered resources.
2017-05-06 00:47:51,835 [Worker-5] INFO  o.e.m.c.i.embedder.EclipseLogger - Copying 0 resource
2017-05-06 00:47:51,836 [Worker-5] INFO  o.e.m.c.i.embedder.EclipseLogger - Using 'UTF-8' encoding to copy filtered resources.
2017-05-06 00:47:51,836 [Worker-5] INFO  o.e.m.c.i.embedder.EclipseLogger - Copying 0 resource
2017-05-06 00:48:08,633 [Worker-14] INFO  o.e.m.c.i.p.ProjectConfigurationManager - Update started
2017-05-06 00:48:09,530 [Worker-14] INFO  o.e.m.c.i.l.LifecycleMappingFactory - Using org.eclipse.m2e.jdt.JarLifecycleMapping lifecycle mapping for MavenProject: wordcount2:wordcount2:0.0.1-SNAPSHOT @ /home/likemilk/workspace/hadoop-study/week06/wordcount2/wordcount2/pom.xml.
2017-05-06 00:48:10,134 [Worker-14] INFO  o.e.m.j.i.AbstractJavaProjectConfigurator - Adding source folder /wordcount2/src/main/java
2017-05-06 00:48:10,134 [Worker-14] INFO  o.e.m.j.i.AbstractJavaProjectConfigurator - Adding resource folder /wordcount2/src/main/resources
2017-05-06 00:48:10,144 [Worker-14] INFO  o.e.m.j.i.AbstractJavaProjectConfigurator - Adding source folder /wordcount2/src/test/java
2017-05-06 00:48:10,145 [Worker-14] INFO  o.e.m.j.i.AbstractJavaProjectConfigurator - Adding resource folder /wordcount2/src/test/resources
2017-05-06 00:48:10,376 [Worker-14] INFO  o.e.m.c.i.p.ProjectConfigurationManager - Update completed: 1 sec
2017-05-06 00:48:10,877 [Worker-23] INFO  o.e.m.c.i.embedder.EclipseLogger - Using 'UTF-8' encoding to copy filtered resources.
2017-05-06 00:48:10,878 [Worker-23] INFO  o.e.m.c.i.embedder.EclipseLogger - Copying 0 resource
2017-05-06 00:48:10,888 [Worker-23] INFO  o.e.m.c.i.embedder.EclipseLogger - Using 'UTF-8' encoding to copy filtered resources.
2017-05-06 00:48:10,888 [Worker-23] INFO  o.e.m.c.i.embedder.EclipseLogger - Copying 0 resource
2017-05-06 00:48:18,301 [Worker-14] INFO  o.e.m.c.i.p.ProjectConfigurationManager - Update started
2017-05-06 00:48:19,131 [Worker-14] INFO  o.e.m.c.i.l.LifecycleMappingFactory - Using org.eclipse.m2e.jdt.JarLifecycleMapping lifecycle mapping for MavenProject: wordcount2:wordcount2:0.0.1-SNAPSHOT @ /home/likemilk/workspace/hadoop-study/week06/wordcount2/wordcount2/pom.xml.
2017-05-06 00:48:19,570 [Worker-14] INFO  o.e.m.j.i.AbstractJavaProjectConfigurator - Adding source folder /wordcount2/src/main/java
2017-05-06 00:48:19,574 [Worker-14] INFO  o.e.m.j.i.AbstractJavaProjectConfigurator - Adding resource folder /wordcount2/src/main/resources
2017-05-06 00:48:19,575 [Worker-14] INFO  o.e.m.j.i.AbstractJavaProjectConfigurator - Adding source folder /wordcount2/src/test/java
2017-05-06 00:48:19,576 [Worker-14] INFO  o.e.m.j.i.AbstractJavaProjectConfigurator - Adding resource folder /wordcount2/src/test/resources
2017-05-06 00:48:19,749 [Worker-14] INFO  o.e.m.c.i.p.ProjectConfigurationManager - Update completed: 1 sec
2017-05-06 00:48:20,179 [Worker-14] INFO  o.e.m.c.i.embedder.EclipseLogger - Using 'UTF-8' encoding to copy filtered resources.
2017-05-06 00:48:20,180 [Worker-14] INFO  o.e.m.c.i.embedder.EclipseLogger - Copying 0 resource
2017-05-06 00:48:20,188 [Worker-14] INFO  o.e.m.c.i.embedder.EclipseLogger - Using 'UTF-8' encoding to copy filtered resources.
2017-05-06 00:48:20,188 [Worker-14] INFO  o.e.m.c.i.embedder.EclipseLogger - Copying 0 resource
2017-05-06 00:49:16,009 [Worker-24] INFO  o.e.m.c.i.embedder.EclipseLogger - Using 'UTF-8' encoding to copy filtered resources.
2017-05-06 00:49:16,013 [Worker-24] INFO  o.e.m.c.i.embedder.EclipseLogger - Copying 0 resource
2017-05-06 00:49:16,021 [Worker-24] INFO  o.e.m.c.i.embedder.EclipseLogger - Using 'UTF-8' encoding to copy filtered resources.
2017-05-06 00:49:16,022 [Worker-24] INFO  o.e.m.c.i.embedder.EclipseLogger - Copying 0 resource
2017-05-06 01:43:26,907 [Worker-28] INFO  o.e.m.c.i.embedder.EclipseLogger - Using 'UTF-8' encoding to copy filtered resources.
2017-05-06 01:43:26,908 [Worker-28] INFO  o.e.m.c.i.embedder.EclipseLogger - Copying 0 resource
2017-05-06 01:43:26,931 [Worker-28] INFO  o.e.m.c.i.embedder.EclipseLogger - Using 'UTF-8' encoding to copy filtered resources.
2017-05-06 01:43:26,941 [Worker-28] INFO  o.e.m.c.i.embedder.EclipseLogger - Copying 0 resource
2017-05-06 01:44:25,283 [Worker-14] INFO  o.e.m.c.i.embedder.EclipseLogger - Using 'UTF-8' encoding to copy filtered resources.
2017-05-06 01:44:25,284 [Worker-14] INFO  o.e.m.c.i.embedder.EclipseLogger - Copying 0 resource
2017-05-06 01:44:25,285 [Worker-14] INFO  o.e.m.c.i.embedder.EclipseLogger - Using 'UTF-8' encoding to copy filtered resources.
2017-05-06 01:44:25,285 [Worker-14] INFO  o.e.m.c.i.embedder.EclipseLogger - Copying 0 resource
2017-05-06 01:44:47,977 [Worker-22] INFO  o.e.m.c.i.embedder.EclipseLogger - Using 'UTF-8' encoding to copy filtered resources.
2017-05-06 01:44:47,979 [Worker-22] INFO  o.e.m.c.i.embedder.EclipseLogger - Copying 0 resource
2017-05-06 01:44:47,980 [Worker-22] INFO  o.e.m.c.i.embedder.EclipseLogger - Using 'UTF-8' encoding to copy filtered resources.
2017-05-06 01:44:47,981 [Worker-22] INFO  o.e.m.c.i.embedder.EclipseLogger - Copying 0 resource
2017-05-06 01:56:18,986 [Worker-14] INFO  o.e.m.c.i.embedder.EclipseLogger - Using 'UTF-8' encoding to copy filtered resources.
2017-05-06 01:56:18,987 [Worker-14] INFO  o.e.m.c.i.embedder.EclipseLogger - Copying 0 resource
2017-05-06 01:56:18,991 [Worker-14] INFO  o.e.m.c.i.embedder.EclipseLogger - Using 'UTF-8' encoding to copy filtered resources.
2017-05-06 01:56:18,991 [Worker-14] INFO  o.e.m.c.i.embedder.EclipseLogger - Copying 0 resource
2017-05-06 01:56:53,483 [Worker-29] INFO  o.e.m.c.i.embedder.EclipseLogger - Using 'UTF-8' encoding to copy filtered resources.
2017-05-06 01:56:53,493 [Worker-29] INFO  o.e.m.c.i.embedder.EclipseLogger - Copying 0 resource
2017-05-06 01:56:53,495 [Worker-29] INFO  o.e.m.c.i.embedder.EclipseLogger - Using 'UTF-8' encoding to copy filtered resources.
2017-05-06 01:56:53,496 [Worker-29] INFO  o.e.m.c.i.embedder.EclipseLogger - Copying 0 resource
2017-05-06 01:59:23,918 [Worker-31] INFO  o.e.m.c.i.embedder.EclipseLogger - Using 'UTF-8' encoding to copy filtered resources.
2017-05-06 01:59:23,919 [Worker-31] INFO  o.e.m.c.i.embedder.EclipseLogger - Copying 0 resource
2017-05-06 01:59:23,920 [Worker-31] INFO  o.e.m.c.i.embedder.EclipseLogger - Using 'UTF-8' encoding to copy filtered resources.
2017-05-06 01:59:23,920 [Worker-31] INFO  o.e.m.c.i.embedder.EclipseLogger - Copying 0 resource
2017-05-06 01:59:35,695 [Worker-14] INFO  o.e.m.c.i.embedder.EclipseLogger - Using 'UTF-8' encoding to copy filtered resources.
2017-05-06 01:59:35,695 [Worker-14] INFO  o.e.m.c.i.embedder.EclipseLogger - Copying 0 resource
2017-05-06 01:59:35,696 [Worker-14] INFO  o.e.m.c.i.embedder.EclipseLogger - Using 'UTF-8' encoding to copy filtered resources.
2017-05-06 01:59:35,696 [Worker-14] INFO  o.e.m.c.i.embedder.EclipseLogger - Copying 0 resource
2017-05-06 02:00:19,339 [Start Help Server] INFO  org.eclipse.jetty.util.log - Logging initialized @8535527ms
2017-05-06 02:00:19,664 [Start Help Server] INFO  org.eclipse.jetty.server.Server - jetty-9.3.9.v20160517
2017-05-06 02:00:19,844 [Start Help Server] INFO  o.e.j.server.handler.ContextHandler - Started o.e.j.s.ServletContextHandler@7c88a573{/help,null,AVAILABLE}
2017-05-06 02:00:19,878 [Start Help Server] INFO  o.e.jetty.server.AbstractConnector - Started ServerConnector@5f73a62f{HTTP/1.1,[http/1.1]}{127.0.0.1:35725}
2017-05-06 02:00:19,879 [Start Help Server] INFO  org.eclipse.jetty.server.Server - Started @8536067ms
2017-05-06 02:00:40,280 [Worker-28] INFO  o.e.m.c.i.embedder.EclipseLogger - Using 'UTF-8' encoding to copy filtered resources.
2017-05-06 02:00:40,281 [Worker-28] INFO  o.e.m.c.i.embedder.EclipseLogger - Copying 0 resource
2017-05-06 02:00:40,294 [Worker-28] INFO  o.e.m.c.i.embedder.EclipseLogger - Using 'UTF-8' encoding to copy filtered resources.
2017-05-06 02:00:40,294 [Worker-28] INFO  o.e.m.c.i.embedder.EclipseLogger - Copying 0 resource
2017-05-06 02:57:18,159 [Worker-30] INFO  o.e.m.c.i.embedder.EclipseLogger - Using 'UTF-8' encoding to copy filtered resources.
2017-05-06 02:57:18,160 [Worker-30] INFO  o.e.m.c.i.embedder.EclipseLogger - Copying 0 resource
2017-05-06 02:57:18,162 [Worker-30] INFO  o.e.m.c.i.embedder.EclipseLogger - Using 'UTF-8' encoding to copy filtered resources.
2017-05-06 02:57:18,162 [Worker-30] INFO  o.e.m.c.i.embedder.EclipseLogger - Copying 0 resource
2017-05-06 02:59:32,821 [Worker-35] INFO  o.e.m.c.i.embedder.EclipseLogger - Using 'UTF-8' encoding to copy filtered resources.
2017-05-06 02:59:32,822 [Worker-35] INFO  o.e.m.c.i.embedder.EclipseLogger - Copying 0 resource
2017-05-06 02:59:32,824 [Worker-35] INFO  o.e.m.c.i.embedder.EclipseLogger - Using 'UTF-8' encoding to copy filtered resources.
2017-05-06 02:59:32,847 [Worker-35] INFO  o.e.m.c.i.embedder.EclipseLogger - Copying 0 resource
2017-05-06 02:59:53,693 [Worker-29] INFO  o.e.m.c.i.embedder.EclipseLogger - Using 'UTF-8' encoding to copy filtered resources.
2017-05-06 02:59:53,694 [Worker-29] INFO  o.e.m.c.i.embedder.EclipseLogger - Copying 0 resource
2017-05-06 02:59:53,695 [Worker-29] INFO  o.e.m.c.i.embedder.EclipseLogger - Using 'UTF-8' encoding to copy filtered resources.
2017-05-06 02:59:53,695 [Worker-29] INFO  o.e.m.c.i.embedder.EclipseLogger - Copying 0 resource
2017-05-06 03:04:16,225 [Worker-36] INFO  o.e.m.c.i.embedder.EclipseLogger - Using 'UTF-8' encoding to copy filtered resources.
2017-05-06 03:04:16,225 [Worker-36] INFO  o.e.m.c.i.embedder.EclipseLogger - Copying 0 resource
2017-05-06 03:04:16,226 [Worker-36] INFO  o.e.m.c.i.embedder.EclipseLogger - Using 'UTF-8' encoding to copy filtered resources.
2017-05-06 03:04:16,227 [Worker-36] INFO  o.e.m.c.i.embedder.EclipseLogger - Copying 0 resource
2017-05-06 03:04:28,488 [Worker-36] INFO  o.e.m.c.i.embedder.EclipseLogger - Using 'UTF-8' encoding to copy filtered resources.
2017-05-06 03:04:28,489 [Worker-36] INFO  o.e.m.c.i.embedder.EclipseLogger - Copying 0 resource
2017-05-06 03:04:28,492 [Worker-36] INFO  o.e.m.c.i.embedder.EclipseLogger - Using 'UTF-8' encoding to copy filtered resources.
2017-05-06 03:04:28,493 [Worker-36] INFO  o.e.m.c.i.embedder.EclipseLogger - Copying 0 resource
2017-05-06 03:04:32,791 [Worker-36] INFO  o.e.m.c.i.embedder.EclipseLogger - Using 'UTF-8' encoding to copy filtered resources.
2017-05-06 03:04:32,791 [Worker-36] INFO  o.e.m.c.i.embedder.EclipseLogger - Copying 0 resource
2017-05-06 03:04:32,793 [Worker-36] INFO  o.e.m.c.i.embedder.EclipseLogger - Using 'UTF-8' encoding to copy filtered resources.
2017-05-06 03:04:32,793 [Worker-36] INFO  o.e.m.c.i.embedder.EclipseLogger - Copying 0 resource
2017-05-06 03:10:24,684 [Worker-36] INFO  o.e.m.c.i.embedder.EclipseLogger - Using 'UTF-8' encoding to copy filtered resources.
2017-05-06 03:10:24,685 [Worker-36] INFO  o.e.m.c.i.embedder.EclipseLogger - Copying 0 resource
2017-05-06 03:10:24,686 [Worker-36] INFO  o.e.m.c.i.embedder.EclipseLogger - Using 'UTF-8' encoding to copy filtered resources.
2017-05-06 03:10:24,687 [Worker-36] INFO  o.e.m.c.i.embedder.EclipseLogger - Copying 0 resource
2017-05-06 03:10:46,707 [main] INFO  o.e.m2e.actions.ExecutePomAction - Creating new launch configuration
2017-05-06 03:10:54,909 [Worker-37] INFO  o.e.m.i.launch.MavenLaunchDelegate - /home/likemilk/workspace/hadoop-study/week06/wordcount2/wordcount2
2017-05-06 03:10:54,910 [Worker-37] INFO  o.e.m.i.launch.MavenLaunchDelegate -  mvn -B 
2017-05-06 03:11:11,708 [Worker-36] INFO  o.e.m.i.launch.MavenLaunchDelegate - /home/likemilk/workspace/hadoop-study/week06/wordcount2/wordcount2
2017-05-06 03:11:11,708 [Worker-36] INFO  o.e.m.i.launch.MavenLaunchDelegate -  mvn -B install
2017-05-06 03:11:41,885 [Worker-36] INFO  o.e.m.c.i.embedder.EclipseLogger - Using 'UTF-8' encoding to copy filtered resources.
2017-05-06 03:11:41,885 [Worker-36] INFO  o.e.m.c.i.embedder.EclipseLogger - Copying 0 resource
2017-05-06 03:11:41,887 [Worker-36] INFO  o.e.m.c.i.embedder.EclipseLogger - Using 'UTF-8' encoding to copy filtered resources.
2017-05-06 03:11:41,887 [Worker-36] INFO  o.e.m.c.i.embedder.EclipseLogger - Copying 0 resource
2017-05-06 03:11:42,923 [Worker-34] INFO  o.e.m.c.i.embedder.EclipseLogger - Using 'UTF-8' encoding to copy filtered resources.
2017-05-06 03:11:42,924 [Worker-34] INFO  o.e.m.c.i.embedder.EclipseLogger - Copying 0 resource
2017-05-06 03:11:42,938 [Worker-34] INFO  o.e.m.c.i.embedder.EclipseLogger - Using 'UTF-8' encoding to copy filtered resources.
2017-05-06 03:11:42,938 [Worker-34] INFO  o.e.m.c.i.embedder.EclipseLogger - Copying 0 resource
2017-05-06 03:11:57,631 [Worker-29] INFO  o.e.m.i.launch.MavenLaunchDelegate - /home/likemilk/workspace/hadoop-study/week06/wordcount2/wordcount2
2017-05-06 03:11:57,631 [Worker-29] INFO  o.e.m.i.launch.MavenLaunchDelegate -  mvn -B install
2017-05-06 03:12:19,978 [main] INFO  o.e.m2e.actions.ExecutePomAction - Creating new launch configuration
2017-05-06 03:12:27,876 [Worker-36] INFO  o.e.m.i.launch.MavenLaunchDelegate - /home/likemilk/workspace/hadoop-study/week06/wordcount2/wordcount2
2017-05-06 03:12:27,877 [Worker-36] INFO  o.e.m.i.launch.MavenLaunchDelegate -  mvn -B 
2017-05-06 03:13:25,765 [Worker-37] INFO  o.e.m.i.launch.MavenLaunchDelegate - /home/likemilk/workspace/hadoop-study/week06/wordcount2/wordcount2
2017-05-06 03:13:25,766 [Worker-37] INFO  o.e.m.i.launch.MavenLaunchDelegate -  mvn -B 
2017-05-06 03:27:12,353 [Worker-35] INFO  o.e.m.c.i.embedder.EclipseLogger - Using 'UTF-8' encoding to copy filtered resources.
2017-05-06 03:27:12,364 [Worker-35] INFO  o.e.m.c.i.embedder.EclipseLogger - Copying 0 resource
2017-05-06 03:27:12,365 [Worker-35] INFO  o.e.m.c.i.embedder.EclipseLogger - Using 'UTF-8' encoding to copy filtered resources.
2017-05-06 03:27:12,365 [Worker-35] INFO  o.e.m.c.i.embedder.EclipseLogger - Copying 0 resource
2017-05-06 03:27:24,107 [Worker-34] INFO  o.e.m.c.i.embedder.EclipseLogger - Using 'UTF-8' encoding to copy filtered resources.
2017-05-06 03:27:24,108 [Worker-34] INFO  o.e.m.c.i.embedder.EclipseLogger - Copying 0 resource
2017-05-06 03:27:24,109 [Worker-34] INFO  o.e.m.c.i.embedder.EclipseLogger - Using 'UTF-8' encoding to copy filtered resources.
2017-05-06 03:27:24,109 [Worker-34] INFO  o.e.m.c.i.embedder.EclipseLogger - Copying 0 resource
2017-05-06 03:27:27,591 [Worker-40] INFO  o.e.m.c.i.embedder.EclipseLogger - Using 'UTF-8' encoding to copy filtered resources.
2017-05-06 03:27:27,592 [Worker-40] INFO  o.e.m.c.i.embedder.EclipseLogger - Copying 0 resource
2017-05-06 03:27:27,593 [Worker-40] INFO  o.e.m.c.i.embedder.EclipseLogger - Using 'UTF-8' encoding to copy filtered resources.
2017-05-06 03:27:27,593 [Worker-40] INFO  o.e.m.c.i.embedder.EclipseLogger - Copying 0 resource
2017-05-06 03:28:12,293 [Worker-35] INFO  o.e.m.i.launch.MavenLaunchDelegate - /home/likemilk/workspace/hadoop-study/week06/wordcount2/wordcount2
2017-05-06 03:28:12,294 [Worker-35] INFO  o.e.m.i.launch.MavenLaunchDelegate -  mvn -B install
2017-05-06 03:28:26,333 [Worker-41] INFO  o.e.m.c.i.l.LifecycleMappingFactory - Using org.eclipse.m2e.jdt.JarLifecycleMapping lifecycle mapping for MavenProject: wordcount2:wordcount2:0.0.2-SNAPSHOT @ /home/likemilk/workspace/hadoop-study/week06/wordcount2/wordcount2/pom.xml.
2017-05-06 03:28:26,890 [Worker-41] INFO  o.e.m.c.i.embedder.EclipseLogger - Using 'UTF-8' encoding to copy filtered resources.
2017-05-06 03:28:26,895 [Worker-41] INFO  o.e.m.c.i.embedder.EclipseLogger - Copying 0 resource
2017-05-06 03:28:26,901 [Worker-41] INFO  o.e.m.c.i.embedder.EclipseLogger - Using 'UTF-8' encoding to copy filtered resources.
2017-05-06 03:28:26,901 [Worker-41] INFO  o.e.m.c.i.embedder.EclipseLogger - Copying 0 resource
2017-05-06 03:28:30,362 [Worker-38] INFO  o.e.m.i.launch.MavenLaunchDelegate - /home/likemilk/workspace/hadoop-study/week06/wordcount2/wordcount2
2017-05-06 03:28:30,363 [Worker-38] INFO  o.e.m.i.launch.MavenLaunchDelegate -  mvn -B install
2017-05-06 03:28:39,477 [Worker-38] INFO  o.e.m.c.i.embedder.EclipseLogger - Using 'UTF-8' encoding to copy filtered resources.
2017-05-06 03:28:39,478 [Worker-38] INFO  o.e.m.c.i.embedder.EclipseLogger - Copying 0 resource
2017-05-06 03:28:39,480 [Worker-38] INFO  o.e.m.c.i.embedder.EclipseLogger - Using 'UTF-8' encoding to copy filtered resources.
2017-05-06 03:28:39,490 [Worker-38] INFO  o.e.m.c.i.embedder.EclipseLogger - Copying 0 resource
2017-05-06 07:20:30,448 [Worker-59] INFO  o.e.m.c.i.p.ProjectConfigurationManager - Collecting project info '/pom.xml' /home/likemilk/workspace/hadoop-study/week06/wordcount2/topn/pom.xml
2017-05-06 07:20:30,852 [Worker-59] INFO  o.e.m.c.i.l.LifecycleMappingFactory - Using org.eclipse.m2e.jdt.JarLifecycleMapping lifecycle mapping for MavenProject: topn:topn:0.0.1-SNAPSHOT @ /home/likemilk/workspace/hadoop-study/week06/wordcount2/topn/pom.xml.
2017-05-06 07:20:30,988 [Worker-59] INFO  o.e.m.j.i.AbstractJavaProjectConfigurator - Adding source folder /topn/src/main/java
2017-05-06 07:20:30,994 [Worker-59] INFO  o.e.m.j.i.AbstractJavaProjectConfigurator - Adding source folder /topn/src/test/java
2017-05-06 07:20:31,129 [Worker-59] INFO  o.e.m.c.i.p.ProjectConfigurationManager - Imported and configured 1 project(s) in 0 sec
2017-05-06 07:20:31,826 [Worker-54] INFO  o.e.m.c.i.embedder.EclipseLogger - Using 'UTF-8' encoding to copy filtered resources.
2017-05-06 07:20:31,826 [Worker-54] INFO  o.e.m.c.i.embedder.EclipseLogger - skip non existing resourceDirectory /home/likemilk/workspace/hadoop-study/week06/wordcount2/topn/src/main/resources
2017-05-06 07:20:31,829 [Worker-54] INFO  o.e.m.c.i.embedder.EclipseLogger - Using 'UTF-8' encoding to copy filtered resources.
2017-05-06 07:20:31,829 [Worker-54] INFO  o.e.m.c.i.embedder.EclipseLogger - skip non existing resourceDirectory /home/likemilk/workspace/hadoop-study/week06/wordcount2/topn/src/test/resources
2017-05-06 07:21:16,145 [Worker-60] INFO  o.e.m.c.i.l.LifecycleMappingFactory - Using org.eclipse.m2e.jdt.JarLifecycleMapping lifecycle mapping for MavenProject: topn:topn:0.0.1-SNAPSHOT @ /home/likemilk/workspace/hadoop-study/week06/wordcount2/topn/pom.xml.
2017-05-06 07:21:16,553 [Worker-60] INFO  o.e.m.c.i.embedder.EclipseLogger - Using 'UTF-8' encoding to copy filtered resources.
2017-05-06 07:21:16,553 [Worker-60] INFO  o.e.m.c.i.embedder.EclipseLogger - skip non existing resourceDirectory /home/likemilk/workspace/hadoop-study/week06/wordcount2/topn/src/main/resources
2017-05-06 07:21:16,554 [Worker-60] INFO  o.e.m.c.i.embedder.EclipseLogger - Using 'UTF-8' encoding to copy filtered resources.
2017-05-06 07:21:16,561 [Worker-60] INFO  o.e.m.c.i.embedder.EclipseLogger - skip non existing resourceDirectory /home/likemilk/workspace/hadoop-study/week06/wordcount2/topn/src/test/resources
2017-05-06 07:21:18,166 [Worker-54] INFO  o.e.m.c.i.embedder.EclipseLogger - Using 'UTF-8' encoding to copy filtered resources.
2017-05-06 07:21:18,166 [Worker-54] INFO  o.e.m.c.i.embedder.EclipseLogger - skip non existing resourceDirectory /home/likemilk/workspace/hadoop-study/week06/wordcount2/topn/src/main/resources
2017-05-06 07:21:18,167 [Worker-54] INFO  o.e.m.c.i.embedder.EclipseLogger - Using 'UTF-8' encoding to copy filtered resources.
2017-05-06 07:21:18,167 [Worker-54] INFO  o.e.m.c.i.embedder.EclipseLogger - skip non existing resourceDirectory /home/likemilk/workspace/hadoop-study/week06/wordcount2/topn/src/test/resources
2017-05-06 07:21:27,252 [Worker-58] INFO  o.e.m.c.i.p.ProjectConfigurationManager - Update started
2017-05-06 07:21:27,366 [Worker-58] INFO  o.e.m.c.i.l.LifecycleMappingFactory - Using org.eclipse.m2e.jdt.JarLifecycleMapping lifecycle mapping for MavenProject: topn:topn:0.0.1-SNAPSHOT @ /home/likemilk/workspace/hadoop-study/week06/wordcount2/topn/pom.xml.
2017-05-06 07:21:27,707 [Worker-58] INFO  o.e.m.j.i.AbstractJavaProjectConfigurator - Adding source folder /topn/src/main/java
2017-05-06 07:21:27,716 [Worker-58] INFO  o.e.m.j.i.AbstractJavaProjectConfigurator - Adding source folder /topn/src/test/java
2017-05-06 07:21:27,908 [Worker-58] INFO  o.e.m.c.i.p.ProjectConfigurationManager - Update completed: 0 sec
2017-05-06 07:21:28,123 [Worker-60] INFO  o.e.m.c.i.embedder.EclipseLogger - Using 'UTF-8' encoding to copy filtered resources.
2017-05-06 07:21:28,123 [Worker-60] INFO  o.e.m.c.i.embedder.EclipseLogger - skip non existing resourceDirectory /home/likemilk/workspace/hadoop-study/week06/wordcount2/topn/src/main/resources
2017-05-06 07:21:28,124 [Worker-60] INFO  o.e.m.c.i.embedder.EclipseLogger - Using 'UTF-8' encoding to copy filtered resources.
2017-05-06 07:21:28,124 [Worker-60] INFO  o.e.m.c.i.embedder.EclipseLogger - skip non existing resourceDirectory /home/likemilk/workspace/hadoop-study/week06/wordcount2/topn/src/test/resources
2017-05-06 07:21:38,263 [Worker-60] INFO  o.e.m.c.i.embedder.EclipseLogger - Using 'UTF-8' encoding to copy filtered resources.
2017-05-06 07:21:38,264 [Worker-60] INFO  o.e.m.c.i.embedder.EclipseLogger - skip non existing resourceDirectory /home/likemilk/workspace/hadoop-study/week06/wordcount2/topn/src/main/resources
2017-05-06 07:21:38,273 [Worker-60] INFO  o.e.m.c.i.embedder.EclipseLogger - Using 'UTF-8' encoding to copy filtered resources.
2017-05-06 07:21:38,273 [Worker-60] INFO  o.e.m.c.i.embedder.EclipseLogger - skip non existing resourceDirectory /home/likemilk/workspace/hadoop-study/week06/wordcount2/topn/src/test/resources
2017-05-06 07:21:48,016 [Worker-58] INFO  o.e.m.c.i.embedder.EclipseLogger - Using 'UTF-8' encoding to copy filtered resources.
2017-05-06 07:21:48,016 [Worker-58] INFO  o.e.m.c.i.embedder.EclipseLogger - skip non existing resourceDirectory /home/likemilk/workspace/hadoop-study/week06/wordcount2/topn/src/main/resources
2017-05-06 07:21:48,017 [Worker-58] INFO  o.e.m.c.i.embedder.EclipseLogger - Using 'UTF-8' encoding to copy filtered resources.
2017-05-06 07:21:48,017 [Worker-58] INFO  o.e.m.c.i.embedder.EclipseLogger - skip non existing resourceDirectory /home/likemilk/workspace/hadoop-study/week06/wordcount2/topn/src/test/resources
2017-05-06 07:21:52,816 [Worker-58] INFO  o.e.m.c.i.embedder.EclipseLogger - Using 'UTF-8' encoding to copy filtered resources.
2017-05-06 07:21:52,816 [Worker-58] INFO  o.e.m.c.i.embedder.EclipseLogger - skip non existing resourceDirectory /home/likemilk/workspace/hadoop-study/week06/wordcount2/topn/src/main/resources
2017-05-06 07:21:52,842 [Worker-58] INFO  o.e.m.c.i.embedder.EclipseLogger - Using 'UTF-8' encoding to copy filtered resources.
2017-05-06 07:21:52,846 [Worker-58] INFO  o.e.m.c.i.embedder.EclipseLogger - skip non existing resourceDirectory /home/likemilk/workspace/hadoop-study/week06/wordcount2/topn/src/test/resources
2017-05-06 07:22:02,305 [Worker-61] INFO  o.e.m.c.i.embedder.EclipseLogger - Using 'UTF-8' encoding to copy filtered resources.
2017-05-06 07:22:02,306 [Worker-61] INFO  o.e.m.c.i.embedder.EclipseLogger - skip non existing resourceDirectory /home/likemilk/workspace/hadoop-study/week06/wordcount2/topn/src/main/resources
2017-05-06 07:22:02,308 [Worker-61] INFO  o.e.m.c.i.embedder.EclipseLogger - Using 'UTF-8' encoding to copy filtered resources.
2017-05-06 07:22:02,312 [Worker-61] INFO  o.e.m.c.i.embedder.EclipseLogger - skip non existing resourceDirectory /home/likemilk/workspace/hadoop-study/week06/wordcount2/topn/src/test/resources
2017-05-06 07:22:26,822 [Worker-61] INFO  o.e.m.c.i.embedder.EclipseLogger - Using 'UTF-8' encoding to copy filtered resources.
2017-05-06 07:22:26,822 [Worker-61] INFO  o.e.m.c.i.embedder.EclipseLogger - skip non existing resourceDirectory /home/likemilk/workspace/hadoop-study/week06/wordcount2/topn/src/main/resources
2017-05-06 07:22:26,837 [Worker-61] INFO  o.e.m.c.i.embedder.EclipseLogger - Using 'UTF-8' encoding to copy filtered resources.
2017-05-06 07:22:26,853 [Worker-61] INFO  o.e.m.c.i.embedder.EclipseLogger - skip non existing resourceDirectory /home/likemilk/workspace/hadoop-study/week06/wordcount2/topn/src/test/resources
2017-05-06 07:22:37,023 [Worker-59] INFO  o.e.m.c.i.embedder.EclipseLogger - Using 'UTF-8' encoding to copy filtered resources.
2017-05-06 07:22:37,023 [Worker-59] INFO  o.e.m.c.i.embedder.EclipseLogger - skip non existing resourceDirectory /home/likemilk/workspace/hadoop-study/week06/wordcount2/topn/src/main/resources
2017-05-06 07:22:37,025 [Worker-59] INFO  o.e.m.c.i.embedder.EclipseLogger - Using 'UTF-8' encoding to copy filtered resources.
2017-05-06 07:22:37,026 [Worker-59] INFO  o.e.m.c.i.embedder.EclipseLogger - skip non existing resourceDirectory /home/likemilk/workspace/hadoop-study/week06/wordcount2/topn/src/test/resources
2017-05-06 16:27:58,521 [Worker-92] INFO  o.e.m.c.i.embedder.EclipseLogger - Using 'UTF-8' encoding to copy filtered resources.
2017-05-06 16:27:58,522 [Worker-92] INFO  o.e.m.c.i.embedder.EclipseLogger - skip non existing resourceDirectory /home/likemilk/workspace/hadoop-study/week06/wordcount2/topn/src/main/resources
2017-05-06 16:27:58,524 [Worker-92] INFO  o.e.m.c.i.embedder.EclipseLogger - Using 'UTF-8' encoding to copy filtered resources.
2017-05-06 16:27:58,524 [Worker-92] INFO  o.e.m.c.i.embedder.EclipseLogger - skip non existing resourceDirectory /home/likemilk/workspace/hadoop-study/week06/wordcount2/topn/src/test/resources
2017-05-06 16:46:31,692 [Worker-88] INFO  o.e.m.c.i.embedder.EclipseLogger - Using 'UTF-8' encoding to copy filtered resources.
2017-05-06 16:46:31,692 [Worker-88] INFO  o.e.m.c.i.embedder.EclipseLogger - skip non existing resourceDirectory /home/likemilk/workspace/hadoop-study/week06/wordcount2/topn/src/main/resources
2017-05-06 16:46:31,708 [Worker-88] INFO  o.e.m.c.i.embedder.EclipseLogger - Using 'UTF-8' encoding to copy filtered resources.
2017-05-06 16:46:31,709 [Worker-88] INFO  o.e.m.c.i.embedder.EclipseLogger - skip non existing resourceDirectory /home/likemilk/workspace/hadoop-study/week06/wordcount2/topn/src/test/resources
2017-05-06 21:42:01,837 [Worker-95] INFO  o.e.m.c.i.embedder.EclipseLogger - Using 'UTF-8' encoding to copy filtered resources.
2017-05-06 21:42:01,838 [Worker-95] INFO  o.e.m.c.i.embedder.EclipseLogger - skip non existing resourceDirectory /home/likemilk/workspace/hadoop-study/week06/wordcount2/topn/src/main/resources
2017-05-06 21:42:01,838 [Worker-95] INFO  o.e.m.c.i.embedder.EclipseLogger - Using 'UTF-8' encoding to copy filtered resources.
2017-05-06 21:42:01,838 [Worker-95] INFO  o.e.m.c.i.embedder.EclipseLogger - skip non existing resourceDirectory /home/likemilk/workspace/hadoop-study/week06/wordcount2/topn/src/test/resources
2017-05-06 21:43:35,708 [Worker-94] INFO  o.e.m.c.i.embedder.EclipseLogger - Using 'UTF-8' encoding to copy filtered resources.
2017-05-06 21:43:35,709 [Worker-94] INFO  o.e.m.c.i.embedder.EclipseLogger - skip non existing resourceDirectory /home/likemilk/workspace/hadoop-study/week06/wordcount2/topn/src/main/resources
2017-05-06 21:43:35,714 [Worker-94] INFO  o.e.m.c.i.embedder.EclipseLogger - Using 'UTF-8' encoding to copy filtered resources.
2017-05-06 21:43:35,714 [Worker-94] INFO  o.e.m.c.i.embedder.EclipseLogger - skip non existing resourceDirectory /home/likemilk/workspace/hadoop-study/week06/wordcount2/topn/src/test/resources
2017-05-06 21:47:09,616 [Worker-95] INFO  o.e.m.c.i.embedder.EclipseLogger - Using 'UTF-8' encoding to copy filtered resources.
2017-05-06 21:47:09,616 [Worker-95] INFO  o.e.m.c.i.embedder.EclipseLogger - skip non existing resourceDirectory /home/likemilk/workspace/hadoop-study/week06/wordcount2/topn/src/main/resources
2017-05-06 21:47:09,617 [Worker-95] INFO  o.e.m.c.i.embedder.EclipseLogger - Using 'UTF-8' encoding to copy filtered resources.
2017-05-06 21:47:09,617 [Worker-95] INFO  o.e.m.c.i.embedder.EclipseLogger - skip non existing resourceDirectory /home/likemilk/workspace/hadoop-study/week06/wordcount2/topn/src/test/resources
2017-05-06 21:49:25,589 [Worker-88] INFO  o.e.m.c.i.embedder.EclipseLogger - Using 'UTF-8' encoding to copy filtered resources.
2017-05-06 21:49:25,589 [Worker-88] INFO  o.e.m.c.i.embedder.EclipseLogger - skip non existing resourceDirectory /home/likemilk/workspace/hadoop-study/week06/wordcount2/topn/src/main/resources
2017-05-06 21:49:25,590 [Worker-88] INFO  o.e.m.c.i.embedder.EclipseLogger - Using 'UTF-8' encoding to copy filtered resources.
2017-05-06 21:49:25,591 [Worker-88] INFO  o.e.m.c.i.embedder.EclipseLogger - skip non existing resourceDirectory /home/likemilk/workspace/hadoop-study/week06/wordcount2/topn/src/test/resources
2017-05-06 21:49:28,861 [Worker-95] INFO  o.e.m.c.i.embedder.EclipseLogger - Using 'UTF-8' encoding to copy filtered resources.
2017-05-06 21:49:28,861 [Worker-95] INFO  o.e.m.c.i.embedder.EclipseLogger - skip non existing resourceDirectory /home/likemilk/workspace/hadoop-study/week06/wordcount2/topn/src/main/resources
2017-05-06 21:49:28,862 [Worker-95] INFO  o.e.m.c.i.embedder.EclipseLogger - Using 'UTF-8' encoding to copy filtered resources.
2017-05-06 21:49:28,862 [Worker-95] INFO  o.e.m.c.i.embedder.EclipseLogger - skip non existing resourceDirectory /home/likemilk/workspace/hadoop-study/week06/wordcount2/topn/src/test/resources
2017-05-06 21:49:58,853 [Worker-95] INFO  o.e.m.c.i.embedder.EclipseLogger - Using 'UTF-8' encoding to copy filtered resources.
2017-05-06 21:49:58,853 [Worker-95] INFO  o.e.m.c.i.embedder.EclipseLogger - skip non existing resourceDirectory /home/likemilk/workspace/hadoop-study/week06/wordcount2/topn/src/main/resources
2017-05-06 21:49:58,858 [Worker-95] INFO  o.e.m.c.i.embedder.EclipseLogger - Using 'UTF-8' encoding to copy filtered resources.
2017-05-06 21:49:58,858 [Worker-95] INFO  o.e.m.c.i.embedder.EclipseLogger - skip non existing resourceDirectory /home/likemilk/workspace/hadoop-study/week06/wordcount2/topn/src/test/resources
2017-05-06 21:50:38,631 [Worker-95] INFO  o.e.m.c.i.embedder.EclipseLogger - Using 'UTF-8' encoding to copy filtered resources.
2017-05-06 21:50:38,632 [Worker-95] INFO  o.e.m.c.i.embedder.EclipseLogger - skip non existing resourceDirectory /home/likemilk/workspace/hadoop-study/week06/wordcount2/topn/src/main/resources
2017-05-06 21:50:38,635 [Worker-95] INFO  o.e.m.c.i.embedder.EclipseLogger - Using 'UTF-8' encoding to copy filtered resources.
2017-05-06 21:50:38,635 [Worker-95] INFO  o.e.m.c.i.embedder.EclipseLogger - skip non existing resourceDirectory /home/likemilk/workspace/hadoop-study/week06/wordcount2/topn/src/test/resources
2017-05-06 21:51:51,144 [Worker-97] INFO  o.e.m.c.i.embedder.EclipseLogger - Using 'UTF-8' encoding to copy filtered resources.
2017-05-06 21:51:51,145 [Worker-97] INFO  o.e.m.c.i.embedder.EclipseLogger - skip non existing resourceDirectory /home/likemilk/workspace/hadoop-study/week06/wordcount2/topn/src/main/resources
2017-05-06 21:51:51,147 [Worker-97] INFO  o.e.m.c.i.embedder.EclipseLogger - Using 'UTF-8' encoding to copy filtered resources.
2017-05-06 21:51:51,148 [Worker-97] INFO  o.e.m.c.i.embedder.EclipseLogger - skip non existing resourceDirectory /home/likemilk/workspace/hadoop-study/week06/wordcount2/topn/src/test/resources
2017-05-06 21:53:55,247 [Worker-94] INFO  o.e.m.c.i.embedder.EclipseLogger - Using 'UTF-8' encoding to copy filtered resources.
2017-05-06 21:53:55,248 [Worker-94] INFO  o.e.m.c.i.embedder.EclipseLogger - skip non existing resourceDirectory /home/likemilk/workspace/hadoop-study/week06/wordcount2/topn/src/main/resources
2017-05-06 21:53:55,253 [Worker-94] INFO  o.e.m.c.i.embedder.EclipseLogger - Using 'UTF-8' encoding to copy filtered resources.
2017-05-06 21:53:55,254 [Worker-94] INFO  o.e.m.c.i.embedder.EclipseLogger - skip non existing resourceDirectory /home/likemilk/workspace/hadoop-study/week06/wordcount2/topn/src/test/resources
2017-05-06 21:54:31,693 [Worker-97] INFO  o.e.m.c.i.embedder.EclipseLogger - Using 'UTF-8' encoding to copy filtered resources.
2017-05-06 21:54:31,694 [Worker-97] INFO  o.e.m.c.i.embedder.EclipseLogger - skip non existing resourceDirectory /home/likemilk/workspace/hadoop-study/week06/wordcount2/topn/src/main/resources
2017-05-06 21:54:31,694 [Worker-97] INFO  o.e.m.c.i.embedder.EclipseLogger - Using 'UTF-8' encoding to copy filtered resources.
2017-05-06 21:54:31,695 [Worker-97] INFO  o.e.m.c.i.embedder.EclipseLogger - skip non existing resourceDirectory /home/likemilk/workspace/hadoop-study/week06/wordcount2/topn/src/test/resources
2017-05-06 21:55:02,521 [Worker-99] INFO  o.e.m.c.i.embedder.EclipseLogger - Using 'UTF-8' encoding to copy filtered resources.
2017-05-06 21:55:02,521 [Worker-99] INFO  o.e.m.c.i.embedder.EclipseLogger - skip non existing resourceDirectory /home/likemilk/workspace/hadoop-study/week06/wordcount2/topn/src/main/resources
2017-05-06 21:55:02,522 [Worker-99] INFO  o.e.m.c.i.embedder.EclipseLogger - Using 'UTF-8' encoding to copy filtered resources.
2017-05-06 21:55:02,523 [Worker-99] INFO  o.e.m.c.i.embedder.EclipseLogger - skip non existing resourceDirectory /home/likemilk/workspace/hadoop-study/week06/wordcount2/topn/src/test/resources
2017-05-06 22:04:44,260 [Worker-94] INFO  o.e.m.c.i.embedder.EclipseLogger - Using 'UTF-8' encoding to copy filtered resources.
2017-05-06 22:04:44,271 [Worker-94] INFO  o.e.m.c.i.embedder.EclipseLogger - skip non existing resourceDirectory /home/likemilk/workspace/hadoop-study/week06/wordcount2/topn/src/main/resources
2017-05-06 22:04:44,275 [Worker-94] INFO  o.e.m.c.i.embedder.EclipseLogger - Using 'UTF-8' encoding to copy filtered resources.
2017-05-06 22:04:44,278 [Worker-94] INFO  o.e.m.c.i.embedder.EclipseLogger - skip non existing resourceDirectory /home/likemilk/workspace/hadoop-study/week06/wordcount2/topn/src/test/resources
2017-05-06 22:08:18,011 [Worker-94] INFO  o.e.m.c.i.embedder.EclipseLogger - Using 'UTF-8' encoding to copy filtered resources.
2017-05-06 22:08:18,011 [Worker-94] INFO  o.e.m.c.i.embedder.EclipseLogger - skip non existing resourceDirectory /home/likemilk/workspace/hadoop-study/week06/wordcount2/topn/src/main/resources
2017-05-06 22:08:18,013 [Worker-94] INFO  o.e.m.c.i.embedder.EclipseLogger - Using 'UTF-8' encoding to copy filtered resources.
2017-05-06 22:08:18,014 [Worker-94] INFO  o.e.m.c.i.embedder.EclipseLogger - skip non existing resourceDirectory /home/likemilk/workspace/hadoop-study/week06/wordcount2/topn/src/test/resources
2017-05-06 22:09:02,226 [Worker-100] INFO  o.e.m.c.i.embedder.EclipseLogger - Using 'UTF-8' encoding to copy filtered resources.
2017-05-06 22:09:02,228 [Worker-100] INFO  o.e.m.c.i.embedder.EclipseLogger - skip non existing resourceDirectory /home/likemilk/workspace/hadoop-study/week06/wordcount2/topn/src/main/resources
2017-05-06 22:09:02,230 [Worker-100] INFO  o.e.m.c.i.embedder.EclipseLogger - Using 'UTF-8' encoding to copy filtered resources.
2017-05-06 22:09:02,230 [Worker-100] INFO  o.e.m.c.i.embedder.EclipseLogger - skip non existing resourceDirectory /home/likemilk/workspace/hadoop-study/week06/wordcount2/topn/src/test/resources
2017-05-06 22:09:07,763 [Worker-96] INFO  o.e.m.c.i.embedder.EclipseLogger - Using 'UTF-8' encoding to copy filtered resources.
2017-05-06 22:09:07,764 [Worker-96] INFO  o.e.m.c.i.embedder.EclipseLogger - skip non existing resourceDirectory /home/likemilk/workspace/hadoop-study/week06/wordcount2/topn/src/main/resources
2017-05-06 22:09:07,765 [Worker-96] INFO  o.e.m.c.i.embedder.EclipseLogger - Using 'UTF-8' encoding to copy filtered resources.
2017-05-06 22:09:07,765 [Worker-96] INFO  o.e.m.c.i.embedder.EclipseLogger - skip non existing resourceDirectory /home/likemilk/workspace/hadoop-study/week06/wordcount2/topn/src/test/resources
2017-05-06 22:09:14,555 [Worker-101] INFO  o.e.m.c.i.embedder.EclipseLogger - Using 'UTF-8' encoding to copy filtered resources.
2017-05-06 22:09:14,555 [Worker-101] INFO  o.e.m.c.i.embedder.EclipseLogger - skip non existing resourceDirectory /home/likemilk/workspace/hadoop-study/week06/wordcount2/topn/src/main/resources
2017-05-06 22:09:14,558 [Worker-101] INFO  o.e.m.c.i.embedder.EclipseLogger - Using 'UTF-8' encoding to copy filtered resources.
2017-05-06 22:09:14,558 [Worker-101] INFO  o.e.m.c.i.embedder.EclipseLogger - skip non existing resourceDirectory /home/likemilk/workspace/hadoop-study/week06/wordcount2/topn/src/test/resources
2017-05-06 22:14:26,804 [Worker-101] INFO  o.e.m.c.i.embedder.EclipseLogger - Using 'UTF-8' encoding to copy filtered resources.
2017-05-06 22:14:26,804 [Worker-101] INFO  o.e.m.c.i.embedder.EclipseLogger - skip non existing resourceDirectory /home/likemilk/workspace/hadoop-study/week06/wordcount2/topn/src/main/resources
2017-05-06 22:14:26,805 [Worker-101] INFO  o.e.m.c.i.embedder.EclipseLogger - Using 'UTF-8' encoding to copy filtered resources.
2017-05-06 22:14:26,805 [Worker-101] INFO  o.e.m.c.i.embedder.EclipseLogger - skip non existing resourceDirectory /home/likemilk/workspace/hadoop-study/week06/wordcount2/topn/src/test/resources
2017-05-06 22:14:40,444 [Worker-94] INFO  o.e.m.c.i.embedder.EclipseLogger - Using 'UTF-8' encoding to copy filtered resources.
2017-05-06 22:14:40,444 [Worker-94] INFO  o.e.m.c.i.embedder.EclipseLogger - skip non existing resourceDirectory /home/likemilk/workspace/hadoop-study/week06/wordcount2/topn/src/main/resources
2017-05-06 22:14:40,463 [Worker-94] INFO  o.e.m.c.i.embedder.EclipseLogger - Using 'UTF-8' encoding to copy filtered resources.
2017-05-06 22:14:40,464 [Worker-94] INFO  o.e.m.c.i.embedder.EclipseLogger - skip non existing resourceDirectory /home/likemilk/workspace/hadoop-study/week06/wordcount2/topn/src/test/resources
2017-05-06 22:14:49,379 [Worker-96] INFO  o.e.m.c.i.embedder.EclipseLogger - Using 'UTF-8' encoding to copy filtered resources.
2017-05-06 22:14:49,380 [Worker-96] INFO  o.e.m.c.i.embedder.EclipseLogger - skip non existing resourceDirectory /home/likemilk/workspace/hadoop-study/week06/wordcount2/topn/src/main/resources
2017-05-06 22:14:49,380 [Worker-96] INFO  o.e.m.c.i.embedder.EclipseLogger - Using 'UTF-8' encoding to copy filtered resources.
2017-05-06 22:14:49,380 [Worker-96] INFO  o.e.m.c.i.embedder.EclipseLogger - skip non existing resourceDirectory /home/likemilk/workspace/hadoop-study/week06/wordcount2/topn/src/test/resources
2017-05-06 22:22:10,750 [Worker-94] INFO  o.e.m.c.i.embedder.EclipseLogger - Using 'UTF-8' encoding to copy filtered resources.
2017-05-06 22:22:10,751 [Worker-94] INFO  o.e.m.c.i.embedder.EclipseLogger - skip non existing resourceDirectory /home/likemilk/workspace/hadoop-study/week06/wordcount2/topn/src/main/resources
2017-05-06 22:22:10,753 [Worker-94] INFO  o.e.m.c.i.embedder.EclipseLogger - Using 'UTF-8' encoding to copy filtered resources.
2017-05-06 22:22:10,753 [Worker-94] INFO  o.e.m.c.i.embedder.EclipseLogger - skip non existing resourceDirectory /home/likemilk/workspace/hadoop-study/week06/wordcount2/topn/src/test/resources
2017-05-06 22:24:11,223 [Worker-95] INFO  o.e.m.c.i.embedder.EclipseLogger - Using 'UTF-8' encoding to copy filtered resources.
2017-05-06 22:24:11,223 [Worker-95] INFO  o.e.m.c.i.embedder.EclipseLogger - skip non existing resourceDirectory /home/likemilk/workspace/hadoop-study/week06/wordcount2/topn/src/main/resources
2017-05-06 22:24:11,224 [Worker-95] INFO  o.e.m.c.i.embedder.EclipseLogger - Using 'UTF-8' encoding to copy filtered resources.
2017-05-06 22:24:11,224 [Worker-95] INFO  o.e.m.c.i.embedder.EclipseLogger - skip non existing resourceDirectory /home/likemilk/workspace/hadoop-study/week06/wordcount2/topn/src/test/resources
2017-05-06 22:24:24,383 [Worker-95] INFO  o.e.m.c.i.embedder.EclipseLogger - Using 'UTF-8' encoding to copy filtered resources.
2017-05-06 22:24:24,383 [Worker-95] INFO  o.e.m.c.i.embedder.EclipseLogger - skip non existing resourceDirectory /home/likemilk/workspace/hadoop-study/week06/wordcount2/topn/src/main/resources
2017-05-06 22:24:24,384 [Worker-95] INFO  o.e.m.c.i.embedder.EclipseLogger - Using 'UTF-8' encoding to copy filtered resources.
2017-05-06 22:24:24,384 [Worker-95] INFO  o.e.m.c.i.embedder.EclipseLogger - skip non existing resourceDirectory /home/likemilk/workspace/hadoop-study/week06/wordcount2/topn/src/test/resources
2017-05-06 22:24:52,677 [Worker-94] INFO  o.e.m.c.i.embedder.EclipseLogger - Using 'UTF-8' encoding to copy filtered resources.
2017-05-06 22:24:52,677 [Worker-94] INFO  o.e.m.c.i.embedder.EclipseLogger - skip non existing resourceDirectory /home/likemilk/workspace/hadoop-study/week06/wordcount2/topn/src/main/resources
2017-05-06 22:24:52,678 [Worker-94] INFO  o.e.m.c.i.embedder.EclipseLogger - Using 'UTF-8' encoding to copy filtered resources.
2017-05-06 22:24:52,678 [Worker-94] INFO  o.e.m.c.i.embedder.EclipseLogger - skip non existing resourceDirectory /home/likemilk/workspace/hadoop-study/week06/wordcount2/topn/src/test/resources
2017-05-06 22:25:07,522 [Worker-95] INFO  o.e.m.c.i.embedder.EclipseLogger - Using 'UTF-8' encoding to copy filtered resources.
2017-05-06 22:25:07,522 [Worker-95] INFO  o.e.m.c.i.embedder.EclipseLogger - skip non existing resourceDirectory /home/likemilk/workspace/hadoop-study/week06/wordcount2/topn/src/main/resources
2017-05-06 22:25:07,522 [Worker-95] INFO  o.e.m.c.i.embedder.EclipseLogger - Using 'UTF-8' encoding to copy filtered resources.
2017-05-06 22:25:07,523 [Worker-95] INFO  o.e.m.c.i.embedder.EclipseLogger - skip non existing resourceDirectory /home/likemilk/workspace/hadoop-study/week06/wordcount2/topn/src/test/resources
2017-05-06 22:25:16,154 [Worker-96] INFO  o.e.m.c.i.p.ProjectConfigurationManager - Update started
2017-05-06 22:25:16,441 [Worker-96] INFO  o.e.m.c.i.l.LifecycleMappingFactory - Using org.eclipse.m2e.jdt.JarLifecycleMapping lifecycle mapping for MavenProject: topn:topn:0.0.1-SNAPSHOT @ /home/likemilk/workspace/hadoop-study/week06/wordcount2/topn/pom.xml.
2017-05-06 22:25:16,884 [Worker-96] INFO  o.e.m.j.i.AbstractJavaProjectConfigurator - Adding source folder /topn/src/main/java
2017-05-06 22:25:16,884 [Worker-96] INFO  o.e.m.j.i.AbstractJavaProjectConfigurator - Adding source folder /topn/src/test/java
2017-05-06 22:25:17,085 [Worker-96] INFO  o.e.m.c.i.p.ProjectConfigurationManager - Update completed: 0 sec
2017-05-06 22:25:17,496 [Worker-101] INFO  o.e.m.c.i.embedder.EclipseLogger - Using 'UTF-8' encoding to copy filtered resources.
2017-05-06 22:25:17,496 [Worker-101] INFO  o.e.m.c.i.embedder.EclipseLogger - skip non existing resourceDirectory /home/likemilk/workspace/hadoop-study/week06/wordcount2/topn/src/main/resources
2017-05-06 22:25:17,498 [Worker-101] INFO  o.e.m.c.i.embedder.EclipseLogger - Using 'UTF-8' encoding to copy filtered resources.
2017-05-06 22:25:17,498 [Worker-101] INFO  o.e.m.c.i.embedder.EclipseLogger - skip non existing resourceDirectory /home/likemilk/workspace/hadoop-study/week06/wordcount2/topn/src/test/resources
2017-05-06 22:25:43,720 [main] INFO  o.e.m2e.actions.ExecutePomAction - Creating new launch configuration
2017-05-06 22:25:48,397 [Worker-101] INFO  o.e.m.i.launch.MavenLaunchDelegate - /home/likemilk/workspace/hadoop-study/week06/wordcount2/topn
2017-05-06 22:25:48,398 [Worker-101] INFO  o.e.m.i.launch.MavenLaunchDelegate -  mvn -B 
2017-05-06 22:26:20,358 [Worker-100] INFO  o.e.m.i.launch.MavenLaunchDelegate - /home/likemilk/workspace/hadoop-study/week06/wordcount2/topn
2017-05-06 22:26:20,359 [Worker-100] INFO  o.e.m.i.launch.MavenLaunchDelegate -  mvn -B install
2017-05-06 22:26:29,191 [Worker-102] INFO  o.e.m.c.i.embedder.EclipseLogger - Using 'UTF-8' encoding to copy filtered resources.
2017-05-06 22:26:29,191 [Worker-102] INFO  o.e.m.c.i.embedder.EclipseLogger - skip non existing resourceDirectory /home/likemilk/workspace/hadoop-study/week06/wordcount2/topn/src/main/resources
2017-05-06 22:26:29,193 [Worker-102] INFO  o.e.m.c.i.embedder.EclipseLogger - Using 'UTF-8' encoding to copy filtered resources.
2017-05-06 22:26:29,193 [Worker-102] INFO  o.e.m.c.i.embedder.EclipseLogger - skip non existing resourceDirectory /home/likemilk/workspace/hadoop-study/week06/wordcount2/topn/src/test/resources
2017-05-06 22:26:37,556 [main] INFO  o.e.m2e.actions.ExecutePomAction - Using existing launch configuration
2017-05-06 22:26:39,747 [Worker-100] INFO  o.e.m.i.launch.MavenLaunchDelegate - /home/likemilk/workspace/hadoop-study/week06/wordcount2/topn
2017-05-06 22:26:39,748 [Worker-100] INFO  o.e.m.i.launch.MavenLaunchDelegate -  mvn -B 
2017-05-06 23:30:37,498 [Worker-94] INFO  o.e.m.c.i.embedder.EclipseLogger - Using 'UTF-8' encoding to copy filtered resources.
2017-05-06 23:30:37,499 [Worker-94] INFO  o.e.m.c.i.embedder.EclipseLogger - skip non existing resourceDirectory /home/likemilk/workspace/hadoop-study/week06/wordcount2/topn/src/main/resources
2017-05-06 23:30:37,505 [Worker-94] INFO  o.e.m.c.i.embedder.EclipseLogger - Using 'UTF-8' encoding to copy filtered resources.
2017-05-06 23:30:37,505 [Worker-94] INFO  o.e.m.c.i.embedder.EclipseLogger - skip non existing resourceDirectory /home/likemilk/workspace/hadoop-study/week06/wordcount2/topn/src/test/resources
2017-05-06 23:30:42,156 [Worker-94] INFO  o.e.m.c.i.embedder.EclipseLogger - Using 'UTF-8' encoding to copy filtered resources.
2017-05-06 23:30:42,156 [Worker-94] INFO  o.e.m.c.i.embedder.EclipseLogger - skip non existing resourceDirectory /home/likemilk/workspace/hadoop-study/week06/wordcount2/topn/src/main/resources
2017-05-06 23:30:42,157 [Worker-94] INFO  o.e.m.c.i.embedder.EclipseLogger - Using 'UTF-8' encoding to copy filtered resources.
2017-05-06 23:30:42,157 [Worker-94] INFO  o.e.m.c.i.embedder.EclipseLogger - skip non existing resourceDirectory /home/likemilk/workspace/hadoop-study/week06/wordcount2/topn/src/test/resources
2017-05-06 23:31:36,173 [Worker-106] INFO  o.e.m.c.i.embedder.EclipseLogger - Using 'UTF-8' encoding to copy filtered resources.
2017-05-06 23:31:36,174 [Worker-106] INFO  o.e.m.c.i.embedder.EclipseLogger - skip non existing resourceDirectory /home/likemilk/workspace/hadoop-study/week06/wordcount2/topn/src/main/resources
2017-05-06 23:31:36,174 [Worker-106] INFO  o.e.m.c.i.embedder.EclipseLogger - Using 'UTF-8' encoding to copy filtered resources.
2017-05-06 23:31:36,174 [Worker-106] INFO  o.e.m.c.i.embedder.EclipseLogger - skip non existing resourceDirectory /home/likemilk/workspace/hadoop-study/week06/wordcount2/topn/src/test/resources
2017-05-06 23:35:19,096 [Worker-105] INFO  o.e.m.c.i.embedder.EclipseLogger - Using 'UTF-8' encoding to copy filtered resources.
2017-05-06 23:35:19,096 [Worker-105] INFO  o.e.m.c.i.embedder.EclipseLogger - skip non existing resourceDirectory /home/likemilk/workspace/hadoop-study/week06/wordcount2/topn/src/main/resources
2017-05-06 23:35:19,103 [Worker-105] INFO  o.e.m.c.i.embedder.EclipseLogger - Using 'UTF-8' encoding to copy filtered resources.
2017-05-06 23:35:19,110 [Worker-105] INFO  o.e.m.c.i.embedder.EclipseLogger - skip non existing resourceDirectory /home/likemilk/workspace/hadoop-study/week06/wordcount2/topn/src/test/resources
2017-05-06 23:51:12,043 [Stop Help Server] INFO  o.e.jetty.server.AbstractConnector - Stopped ServerConnector@5f73a62f{HTTP/1.1,[http/1.1]}{127.0.0.1:0}
2017-05-06 23:51:12,128 [Stop Help Server] INFO  o.e.j.server.handler.ContextHandler - Stopped o.e.j.s.ServletContextHandler@7c88a573{/help,null,UNAVAILABLE}
